{
"contracts/ERC20ProxyFacet.sol":{"l":{"31":0,"32":0,"33":0,"34":0,"35":0,"36":0,"44":0,"52":0,"60":0,"68":0,"69":0,"78":0,"79":0,"89":0,"90":0,"91":0,"92":0,"102":0,"112":0,"113":0,"114":0,"125":0,"126":0,"127":0,"128":0,"129":0,"136":0,"137":0},"path":"/home/jamatulli/decentralization/gnus.ai/erc20-gnus-proxy/contracts/ERC20ProxyFacet.sol","s":{"1":0,"2":0,"3":0,"4":0,"5":0,"6":0,"7":0,"8":0,"9":0,"10":0,"11":0,"12":0,"13":0,"14":0,"15":0,"16":0,"17":0,"18":0,"19":0,"20":0,"21":0,"22":0,"23":0},"b":{"1":[0,0],"2":[0,0],"3":[0,0],"4":[0,0]},"f":{"1":0,"2":0,"3":0,"4":0,"5":0,"6":0,"7":0,"8":0,"9":0,"10":0,"11":0},"fnMap":{"1":{"name":"initializeERC20Proxy","line":30,"loc":{"start":{"line":25,"column":4},"end":{"line":37,"column":4}}},"2":{"name":"name","line":43,"loc":{"start":{"line":43,"column":4},"end":{"line":45,"column":4}}},"3":{"name":"symbol","line":51,"loc":{"start":{"line":51,"column":4},"end":{"line":53,"column":4}}},"4":{"name":"decimals","line":59,"loc":{"start":{"line":59,"column":4},"end":{"line":61,"column":4}}},"5":{"name":"totalSupply","line":67,"loc":{"start":{"line":67,"column":4},"end":{"line":70,"column":4}}},"6":{"name":"balanceOf","line":77,"loc":{"start":{"line":77,"column":4},"end":{"line":80,"column":4}}},"7":{"name":"transfer","line":88,"loc":{"start":{"line":88,"column":4},"end":{"line":93,"column":4}}},"8":{"name":"allowance","line":101,"loc":{"start":{"line":101,"column":4},"end":{"line":103,"column":4}}},"9":{"name":"approve","line":111,"loc":{"start":{"line":111,"column":4},"end":{"line":115,"column":4}}},"10":{"name":"transferFrom","line":124,"loc":{"start":{"line":124,"column":4},"end":{"line":130,"column":4}}},"11":{"name":"onlyOwnerRole","line":135,"loc":{"start":{"line":135,"column":4},"end":{"line":138,"column":4}}}},"statementMap":{"1":{"start":{"line":31,"column":8},"end":{"line":31,"column":42}},"2":{"start":{"line":32,"column":8},"end":{"line":32,"column":71}},"3":{"start":{"line":44,"column":8},"end":{"line":44,"column":46}},"4":{"start":{"line":52,"column":8},"end":{"line":52,"column":48}},"5":{"start":{"line":60,"column":8},"end":{"line":60,"column":17}},"6":{"start":{"line":68,"column":8},"end":{"line":68,"column":71}},"7":{"start":{"line":69,"column":8},"end":{"line":69,"column":60}},"8":{"start":{"line":78,"column":8},"end":{"line":78,"column":71}},"9":{"start":{"line":79,"column":8},"end":{"line":79,"column":67}},"10":{"start":{"line":89,"column":8},"end":{"line":89,"column":71}},"11":{"start":{"line":90,"column":8},"end":{"line":90,"column":92}},"12":{"start":{"line":91,"column":8},"end":{"line":91,"column":52}},"13":{"start":{"line":92,"column":8},"end":{"line":92,"column":19}},"14":{"start":{"line":102,"column":8},"end":{"line":102,"column":114}},"15":{"start":{"line":112,"column":8},"end":{"line":112,"column":88}},"16":{"start":{"line":113,"column":8},"end":{"line":113,"column":50}},"17":{"start":{"line":114,"column":8},"end":{"line":114,"column":19}},"18":{"start":{"line":125,"column":8},"end":{"line":125,"column":71}},"19":{"start":{"line":126,"column":8},"end":{"line":126,"column":117}},"20":{"start":{"line":127,"column":8},"end":{"line":127,"column":88}},"21":{"start":{"line":128,"column":8},"end":{"line":128,"column":48}},"22":{"start":{"line":129,"column":8},"end":{"line":129,"column":19}},"23":{"start":{"line":136,"column":8},"end":{"line":136,"column":102}}},"branchMap":{"1":{"line":30,"type":"if","locations":[{"start":{"line":30,"column":6},"end":{"line":30,"column":6}},{"start":{"line":30,"column":6},"end":{"line":30,"column":6}}]},"2":{"line":102,"type":"if","locations":[{"start":{"line":102,"column":93},"end":{"line":102,"column":109}},{"start":{"line":102,"column":113},"end":{"line":102,"column":113}}]},"3":{"line":126,"type":"if","locations":[{"start":{"line":126,"column":8},"end":{"line":126,"column":8}},{"start":{"line":126,"column":8},"end":{"line":126,"column":8}}]},"4":{"line":136,"type":"if","locations":[{"start":{"line":136,"column":8},"end":{"line":136,"column":8}},{"start":{"line":136,"column":8},"end":{"line":136,"column":8}}]}}},
"contracts/ERC20ProxyStorage.sol":{"l":{"33":0,"34":0},"path":"/home/jamatulli/decentralization/gnus.ai/erc20-gnus-proxy/contracts/ERC20ProxyStorage.sol","s":{"1":0},"b":{},"f":{"1":0},"fnMap":{"1":{"name":"layout","line":32,"loc":{"start":{"line":32,"column":4},"end":{"line":37,"column":4}}}},"statementMap":{"1":{"start":{"line":33,"column":8},"end":{"line":33,"column":55}}},"branchMap":{}},
"contracts/ProxyDiamond.sol":{"l":{"26":13,"28":13,"29":13,"30":13,"31":13,"32":13,"41":2},"path":"/home/jamatulli/decentralization/gnus.ai/erc20-gnus-proxy/contracts/ProxyDiamond.sol","s":{"1":13,"2":13,"3":13,"4":13,"5":13,"6":2},"b":{"1":[2,0]},"f":{"1":13,"2":2},"fnMap":{"1":{"name":"constructor","line":25,"loc":{"start":{"line":24,"column":4},"end":{"line":33,"column":4}}},"2":{"name":"supportsInterface","line":40,"loc":{"start":{"line":40,"column":4},"end":{"line":43,"column":4}}}},"statementMap":{"1":{"start":{"line":26,"column":8},"end":{"line":26,"column":29}},"2":{"start":{"line":28,"column":8},"end":{"line":28,"column":62}},"3":{"start":{"line":29,"column":8},"end":{"line":29,"column":63}},"4":{"start":{"line":30,"column":8},"end":{"line":30,"column":56}},"5":{"start":{"line":31,"column":8},"end":{"line":31,"column":58}},"6":{"start":{"line":41,"column":8},"end":{"line":41,"column":1927}}},"branchMap":{"1":{"line":41,"type":"cond-expr","locations":[{"start":{"line":41,"column":15},"end":{"line":41,"column":50}},{"start":{"line":42,"column":12},"end":{"line":42,"column":71}}]}}}}
