TN:
SF:/home/jamatulli/decentralization/gnus.ai/erc20-gnus-proxy/contracts/ERC20ProxyFacet.sol
FN:30,initializeERC20Proxy
FN:43,name
FN:51,symbol
FN:59,decimals
FN:67,totalSupply
FN:77,balanceOf
FN:88,transfer
FN:101,allowance
FN:111,approve
FN:124,transferFrom
FN:135,onlyOwnerRole
FNF:11
FNH:0
FNDA:0,initializeERC20Proxy
FNDA:0,name
FNDA:0,symbol
FNDA:0,decimals
FNDA:0,totalSupply
FNDA:0,balanceOf
FNDA:0,transfer
FNDA:0,allowance
FNDA:0,approve
FNDA:0,transferFrom
FNDA:0,onlyOwnerRole
DA:31,0
DA:32,0
DA:33,0
DA:34,0
DA:35,0
DA:36,0
DA:44,0
DA:52,0
DA:60,0
DA:68,0
DA:69,0
DA:78,0
DA:79,0
DA:89,0
DA:90,0
DA:91,0
DA:92,0
DA:102,0
DA:112,0
DA:113,0
DA:114,0
DA:125,0
DA:126,0
DA:127,0
DA:128,0
DA:129,0
DA:136,0
DA:137,0
LF:28
LH:0
BRDA:30,1,0,0
BRDA:30,1,1,0
BRDA:102,2,0,0
BRDA:102,2,1,0
BRDA:126,3,0,0
BRDA:126,3,1,0
BRDA:136,4,0,0
BRDA:136,4,1,0
BRF:8
BRH:0
end_of_record
TN:
SF:/home/jamatulli/decentralization/gnus.ai/erc20-gnus-proxy/contracts/ERC20ProxyStorage.sol
FN:32,layout
FNF:1
FNH:0
FNDA:0,layout
DA:33,0
DA:34,0
LF:2
LH:0
BRF:0
BRH:0
end_of_record
TN:
SF:/home/jamatulli/decentralization/gnus.ai/erc20-gnus-proxy/contracts/ProxyDiamond.sol
FN:25,constructor
FN:40,supportsInterface
FNF:2
FNH:2
FNDA:13,constructor
FNDA:1,supportsInterface
DA:26,13
DA:28,13
DA:29,13
DA:30,13
DA:31,13
DA:32,13
DA:41,1
LF:7
LH:7
BRDA:41,1,0,1
BRDA:41,1,1,0
BRF:2
BRH:1
end_of_record
